<?xml version="1.0" encoding="utf-8"?><testsuites name="pytest tests"><testsuite name="pytest" errors="0" failures="0" skipped="0" tests="13" time="0.118" timestamp="2025-11-21T03:58:20.638672+00:00" hostname="thc1006-ubuntu-22"><testcase classname="tests.test_http_server" name="test_health_check_endpoint" time="0.004" /><testcase classname="tests.test_http_server" name="test_e2_indication_basic" time="0.002" /><testcase classname="tests.test_http_server" name="test_e2_indication_with_flight_plan" time="0.004" /><testcase classname="tests.test_http_server" name="test_e2_indication_missing_fields" time="0.003" /><testcase classname="tests.test_http_server" name="test_e2_indication_invalid_json" time="0.002" /><testcase classname="tests.test_http_server" name="test_decisions_endpoint" time="0.002" /><testcase classname="tests.test_http_server" name="test_e2_indication_with_service_profile" time="0.002" /><testcase classname="tests.test_http_server" name="test_policy_engine_handler_parse_indication" time="0.000" /><testcase classname="tests.test_http_server" name="test_multiple_uavs_independent_decisions" time="0.003" /><testcase classname="tests.test_policy_engine" name="test_simple_policy_prefers_neighbor_when_serving_is_hot" time="0.000" /><testcase classname="tests.test_policy_engine" name="test_path_aware_policy_follows_flight_plan_when_serving_hot" time="0.000" /><testcase classname="tests.test_policy_engine" name="test_path_aware_policy_stays_on_serving_when_load_ok" time="0.000" /><testcase classname="tests.test_policy_engine_1" name="test_simple_policy_prefers_neighbor_when_serving_is_hot" time="0.000" /></testsuite></testsuites>